<?xml version="1.0" encoding="UTF-8" ?>
<configuration scan="true" scanPeriod="30 seconds">
    <!-- see: http://logback.qos.ch/manual/configuration.html -->
    <appender name="CONSOLE" class="ch.qos.logback.core.ConsoleAppender">
        <encoder class="ch.qos.logback.classic.encoder.PatternLayoutEncoder">
            <pattern>%d{HH:mm:ss.SSS} [%thread] %-5level %logger{36} - %msg%n</pattern>
        </encoder>
    </appender>

    <!-- http://logback.qos.ch/manual/configuration.html#loggerElement -->
    <logger name="org.springframework" level="debug" />
    <logger name="com.jollymonsterstudio" level="debug" />

    <root level="info">
        <appender-ref ref="CONSOLE"/>
    </root>
</configuration>